<?xml version="1.1" encoding="UTF-8"?>
<testsuite name="LibraryTest" tests="1" failures="0" errors="0" timestamp="2013-09-29T01:35:19" hostname="pitmaster" time="0.001">
  <properties/>
  <testcase name="testSomeLibraryMethod" classname="LibraryTest" time="0.001"/>
  <system-out><![CDATA[]]></system-out>
  <system-err><![CDATA[]]></system-err>
</testsuite>
